<?xml version="1.0" encoding="UTF-8"?>
<!-- Generated by org.testng.reporters.JUnitXMLReporter -->
<testsuite ignored="2" hostname="DESKTOP-1FGBUT3" failures="0" tests="7" name="Test" time="16.299" errors="0" timestamp="2023-02-10T19:06:11 IST">
  <testcase classname="test.LoginTest" name="verifyBuildTitleName" time="0.028"/>
  <testcase classname="test.LoginTest" name="verifyTitleOfLoginPage" time="0.887"/>
  <testcase classname="test.LoginTest" name="verifyCurrentUrlOfPage" time="0.014"/>
  <testcase classname="test.LoginTest" name="verifyLoginWithCorrectCredentials" time="2.884"/>
  <testcase classname="test.PIMTest" name="verifyPimPageTitle" time="2.079"/>
  <testcase classname="test.PIMTest" name="verifyEmpSearchEmpId" time="0.32"/>
  <testcase classname="test.PIMTest" name="TestIngChanges" time="0.003"/>
  <testcase classname="test.BaseTest" name="@BeforeSuite initBrowser" time="0.0">
    <ignored/>
  </testcase> <!-- @BeforeSuite initBrowser -->
  <testcase classname="test.BaseTest" name="@AfterSuite logoutUser" time="0.0">
    <ignored/>
  </testcase> <!-- @AfterSuite logoutUser -->
</testsuite> <!-- Test -->
