<?xml version="1.0" encoding="UTF-8"?>
<testng-results ignored="2" total="9" passed="7" failed="0" skipped="0">
  <reporter-output>
  </reporter-output>
  <suite started-at="2023-02-10T19:05:54 IST" name="Suite" finished-at="2023-02-10T19:06:11 IST" duration-ms="16299">
    <groups>
      <group name="regression">
        <method signature="LoginTest.verifyBuildTitleName()[pri:-1, instance:test.LoginTest@1e6a3214]" name="verifyBuildTitleName" class="test.LoginTest"/>
        <method signature="LoginTest.verifyTitleOfLoginPage()[pri:0, instance:test.LoginTest@1e6a3214]" name="verifyTitleOfLoginPage" class="test.LoginTest"/>
        <method signature="LoginTest.verifyCurrentUrlOfPage()[pri:1, instance:test.LoginTest@1e6a3214]" name="verifyCurrentUrlOfPage" class="test.LoginTest"/>
        <method signature="LoginTest.verifyLoginWithCorrectCredentials()[pri:2, instance:test.LoginTest@1e6a3214]" name="verifyLoginWithCorrectCredentials" class="test.LoginTest"/>
        <method signature="PIMTest.verifyPimPageTitle()[pri:3, instance:test.PIMTest@76a4ebf2]" name="verifyPimPageTitle" class="test.PIMTest"/>
        <method signature="PIMTest.verifyEmpSearchEmpId()[pri:4, instance:test.PIMTest@76a4ebf2]" name="verifyEmpSearchEmpId" class="test.PIMTest"/>
        <method signature="PIMTest.TestIngChanges()[pri:5, instance:test.PIMTest@76a4ebf2]" name="TestIngChanges" class="test.PIMTest"/>
      </group> <!-- regression -->
      <group name="smoke">
        <method signature="LoginTest.verifyBuildTitleName()[pri:-1, instance:test.LoginTest@1e6a3214]" name="verifyBuildTitleName" class="test.LoginTest"/>
        <method signature="LoginTest.verifyTitleOfLoginPage()[pri:0, instance:test.LoginTest@1e6a3214]" name="verifyTitleOfLoginPage" class="test.LoginTest"/>
        <method signature="LoginTest.verifyCurrentUrlOfPage()[pri:1, instance:test.LoginTest@1e6a3214]" name="verifyCurrentUrlOfPage" class="test.LoginTest"/>
        <method signature="LoginTest.verifyLoginWithCorrectCredentials()[pri:2, instance:test.LoginTest@1e6a3214]" name="verifyLoginWithCorrectCredentials" class="test.LoginTest"/>
        <method signature="PIMTest.verifyPimPageTitle()[pri:3, instance:test.PIMTest@76a4ebf2]" name="verifyPimPageTitle" class="test.PIMTest"/>
        <method signature="PIMTest.verifyEmpSearchEmpId()[pri:4, instance:test.PIMTest@76a4ebf2]" name="verifyEmpSearchEmpId" class="test.PIMTest"/>
        <method signature="PIMTest.TestIngChanges()[pri:5, instance:test.PIMTest@76a4ebf2]" name="TestIngChanges" class="test.PIMTest"/>
      </group> <!-- smoke -->
    </groups>
    <test started-at="2023-02-10T19:05:54 IST" name="Test" finished-at="2023-02-10T19:06:11 IST" duration-ms="16299">
      <class name="test.PIMTest">
        <test-method is-config="true" signature="pageObjects()[pri:0, instance:test.PIMTest@76a4ebf2]" started-at="2023-02-10T19:06:02 IST" name="pageObjects" finished-at="2023-02-10T19:06:02 IST" duration-ms="2" status="PASS">
          <reporter-output>
          </reporter-output>
        </test-method> <!-- pageObjects -->
        <test-method is-config="true" signature="login()[pri:0, instance:test.PIMTest@76a4ebf2]" started-at="2023-02-10T19:06:02 IST" name="login" finished-at="2023-02-10T19:06:05 IST" duration-ms="2784" status="PASS">
          <reporter-output>
          </reporter-output>
        </test-method> <!-- login -->
        <test-method signature="verifyPimPageTitle()[pri:3, instance:test.PIMTest@76a4ebf2]" started-at="2023-02-10T19:06:05 IST" name="verifyPimPageTitle" finished-at="2023-02-10T19:06:07 IST" duration-ms="2079" status="PASS">
          <reporter-output>
          </reporter-output>
        </test-method> <!-- verifyPimPageTitle -->
        <test-method signature="verifyEmpSearchEmpId()[pri:4, instance:test.PIMTest@76a4ebf2]" started-at="2023-02-10T19:06:07 IST" name="verifyEmpSearchEmpId" finished-at="2023-02-10T19:06:07 IST" duration-ms="320" status="PASS">
          <reporter-output>
          </reporter-output>
        </test-method> <!-- verifyEmpSearchEmpId -->
        <test-method signature="TestIngChanges()[pri:5, instance:test.PIMTest@76a4ebf2]" started-at="2023-02-10T19:06:07 IST" name="TestIngChanges" finished-at="2023-02-10T19:06:07 IST" duration-ms="3" status="PASS">
          <reporter-output>
          </reporter-output>
        </test-method> <!-- TestIngChanges -->
        <test-method is-config="true" signature="logOutUser()[pri:0, instance:test.PIMTest@76a4ebf2]" started-at="2023-02-10T19:06:07 IST" name="logOutUser" finished-at="2023-02-10T19:06:11 IST" duration-ms="3190" status="PASS">
          <reporter-output>
          </reporter-output>
        </test-method> <!-- logOutUser -->
      </class> <!-- test.PIMTest -->
      <class name="test.LoginTest">
        <test-method is-config="true" signature="initBrowser()[pri:0, instance:test.LoginTest@1e6a3214]" started-at="2023-02-10T19:05:41 IST" name="initBrowser" finished-at="2023-02-10T19:05:54 IST" duration-ms="12903" status="PASS">
          <reporter-output>
          </reporter-output>
        </test-method> <!-- initBrowser -->
        <test-method is-config="true" signature="pageObjects()[pri:0, instance:test.LoginTest@1e6a3214]" started-at="2023-02-10T19:05:54 IST" name="pageObjects" finished-at="2023-02-10T19:05:54 IST" duration-ms="47" status="PASS">
          <reporter-output>
          </reporter-output>
        </test-method> <!-- pageObjects -->
        <test-method signature="verifyBuildTitleName()[pri:-1, instance:test.LoginTest@1e6a3214]" started-at="2023-02-10T19:05:54 IST" name="verifyBuildTitleName" finished-at="2023-02-10T19:05:54 IST" duration-ms="28" status="PASS">
          <reporter-output>
          </reporter-output>
        </test-method> <!-- verifyBuildTitleName -->
        <test-method signature="verifyTitleOfLoginPage()[pri:0, instance:test.LoginTest@1e6a3214]" started-at="2023-02-10T19:05:54 IST" name="verifyTitleOfLoginPage" finished-at="2023-02-10T19:05:55 IST" duration-ms="887" status="PASS">
          <reporter-output>
          </reporter-output>
        </test-method> <!-- verifyTitleOfLoginPage -->
        <test-method signature="verifyCurrentUrlOfPage()[pri:1, instance:test.LoginTest@1e6a3214]" started-at="2023-02-10T19:05:55 IST" name="verifyCurrentUrlOfPage" finished-at="2023-02-10T19:05:55 IST" duration-ms="14" status="PASS">
          <reporter-output>
          </reporter-output>
        </test-method> <!-- verifyCurrentUrlOfPage -->
        <test-method signature="verifyLoginWithCorrectCredentials()[pri:2, instance:test.LoginTest@1e6a3214]" started-at="2023-02-10T19:05:55 IST" name="verifyLoginWithCorrectCredentials" finished-at="2023-02-10T19:05:58 IST" duration-ms="2884" status="PASS">
          <reporter-output>
          </reporter-output>
        </test-method> <!-- verifyLoginWithCorrectCredentials -->
        <test-method is-config="true" signature="logOutUser()[pri:0, instance:test.LoginTest@1e6a3214]" started-at="2023-02-10T19:05:58 IST" name="logOutUser" finished-at="2023-02-10T19:06:02 IST" duration-ms="3930" status="PASS">
          <reporter-output>
          </reporter-output>
        </test-method> <!-- logOutUser -->
        <test-method is-config="true" signature="logoutUser()[pri:0, instance:test.LoginTest@1e6a3214]" started-at="2023-02-10T19:06:11 IST" name="logoutUser" finished-at="2023-02-10T19:06:12 IST" duration-ms="1354" status="PASS">
          <reporter-output>
          </reporter-output>
        </test-method> <!-- logoutUser -->
      </class> <!-- test.LoginTest -->
    </test> <!-- Test -->
  </suite> <!-- Suite -->
</testng-results>
